[Sep 29 2024 06:25:32] IBV-UTILS WARN: Getting IB devices list. 
[Sep 29 2024 06:25:32] IBV-UTILS WARN: Creating IB resources. 
[Sep 29 2024 06:25:32] IBV-UTILS WARN: Initializing IB structure. 
[Sep 29 2024 06:25:32] IBV-UTILS WARN: Creating pd. 
[Sep 29 2024 06:25:32] IBV-UTILS WARN: Creating cq. 
[Sep 29 2024 06:25:32] IBV-UTILS WARN: Creating qp. 
[Sep 29 2024 06:25:32] IBV-UTILS WARN: Initializing IB resources. 
[Sep 29 2024 06:25:32] IBV-UTILS WARN: modify QP to INIT. 
[Sep 29 2024 06:25:32] IBV-UTILS WARN: modify QP to RTR. 
[Sep 29 2024 06:25:32] IBV-UTILS WARN: modify QP to RTS. 
[Sep 29 2024 06:25:32] IBV-UTILS WARN: Registering memory. 
[Sep 29 2024 06:25:32] IBV-UTILS WARN: Getting IB devices list. 
[Sep 29 2024 06:25:32] IBV-UTILS WARN: Creating IB resources. 
[Sep 29 2024 06:25:32] IBV-UTILS WARN: Initializing IB structure. 
[Sep 29 2024 06:25:32] IBV-UTILS WARN: Creating pd. 
[Sep 29 2024 06:25:32] IBV-UTILS WARN: Creating cq. 
[Sep 29 2024 06:25:32] IBV-UTILS WARN: Creating qp. 
[Sep 29 2024 06:25:32] IBV-UTILS WARN: Initializing IB resources. 
[Sep 29 2024 06:25:32] IBV-UTILS WARN: modify QP to INIT. 
[Sep 29 2024 06:25:32] IBV-UTILS WARN: modify QP to RTR. 
[Sep 29 2024 06:25:32] IBV-UTILS WARN: modify QP to RTS. 
[Sep 29 2024 06:25:32] IBV-UTILS WARN: Registering memory. 
[Sep 29 2024 06:25:32] IBV-UTILS WARN: Getting IB devices list. 
[Sep 29 2024 06:25:32] IBV-UTILS WARN: Creating IB resources. 
[Sep 29 2024 06:25:32] IBV-UTILS WARN: Initializing IB structure. 
[Sep 29 2024 06:25:32] IBV-UTILS WARN: Creating pd. 
[Sep 29 2024 06:25:32] IBV-UTILS WARN: Creating cq. 
[Sep 29 2024 06:25:32] IBV-UTILS WARN: Creating qp. 
[Sep 29 2024 06:25:32] IBV-UTILS WARN: Initializing IB resources. 
[Sep 29 2024 06:25:32] IBV-UTILS WARN: modify QP to INIT. 
[Sep 29 2024 06:25:32] IBV-UTILS WARN: modify QP to RTR. 
[Sep 29 2024 06:25:32] IBV-UTILS WARN: modify QP to RTS. 
[Sep 29 2024 06:25:32] IBV-UTILS WARN: Registering memory. 
[Sep 29 2024 06:25:32] IBV-UTILS WARN: Getting IB devices list. 
[Sep 29 2024 06:25:32] IBV-UTILS WARN: Creating IB resources. 
[Sep 29 2024 06:25:32] IBV-UTILS WARN: Initializing IB structure. 
[Sep 29 2024 06:25:32] IBV-UTILS WARN: Creating pd. 
[Sep 29 2024 06:25:32] IBV-UTILS WARN: Creating cq. 
[Sep 29 2024 06:25:32] IBV-UTILS WARN: Creating qp. 
[Sep 29 2024 06:25:32] IBV-UTILS WARN: Initializing IB resources. 
[Sep 29 2024 06:25:32] IBV-UTILS WARN: modify QP to INIT. 
[Sep 29 2024 06:25:32] IBV-UTILS WARN: modify QP to RTR. 
[Sep 29 2024 06:25:32] IBV-UTILS WARN: modify QP to RTS. 
[Sep 29 2024 06:25:32] IBV-UTILS WARN: Registering memory. 
[Sep 29 2024 06:25:32] IBV-UTILS WARN: Getting IB devices list. 
[Sep 29 2024 06:25:32] IBV-UTILS WARN: Creating IB resources. 
[Sep 29 2024 06:25:32] IBV-UTILS WARN: Initializing IB structure. 
[Sep 29 2024 06:25:32] IBV-UTILS WARN: Creating pd. 
[Sep 29 2024 06:25:32] IBV-UTILS WARN: Creating cq. 
[Sep 29 2024 06:25:32] IBV-UTILS WARN: Creating qp. 
[Sep 29 2024 06:25:32] IBV-UTILS WARN: Initializing IB resources. 
[Sep 29 2024 06:25:32] IBV-UTILS WARN: modify QP to INIT. 
[Sep 29 2024 06:25:32] IBV-UTILS WARN: modify QP to RTR. 
[Sep 29 2024 06:25:32] IBV-UTILS WARN: modify QP to RTS. 
[Sep 29 2024 06:25:32] IBV-UTILS WARN: Registering memory. 
[Sep 29 2024 06:25:32] IBV-UTILS WARN: Getting IB devices list. 
[Sep 29 2024 06:25:32] IBV-UTILS WARN: Creating IB resources. 
[Sep 29 2024 06:25:32] IBV-UTILS WARN: Initializing IB structure. 
[Sep 29 2024 06:25:32] IBV-UTILS WARN: Creating pd. 
[Sep 29 2024 06:25:32] IBV-UTILS WARN: Creating cq. 
[Sep 29 2024 06:25:32] IBV-UTILS WARN: Creating qp. 
[Sep 29 2024 06:25:32] IBV-UTILS WARN: Initializing IB resources. 
[Sep 29 2024 06:25:32] IBV-UTILS WARN: modify QP to INIT. 
[Sep 29 2024 06:25:32] IBV-UTILS WARN: modify QP to RTR. 
[Sep 29 2024 06:25:32] IBV-UTILS WARN: modify QP to RTS. 
[Sep 29 2024 06:25:32] IBV-UTILS WARN: Registering memory. 
[Sep 29 2024 06:25:32] IBV-UTILS WARN: Getting IB devices list. 
[Sep 29 2024 06:25:32] IBV-UTILS WARN: Creating IB resources. 
[Sep 29 2024 06:25:32] IBV-UTILS WARN: Initializing IB structure. 
[Sep 29 2024 06:25:32] IBV-UTILS WARN: Creating pd. 
[Sep 29 2024 06:25:32] IBV-UTILS WARN: Creating cq. 
[Sep 29 2024 06:25:32] IBV-UTILS WARN: Creating qp. 
[Sep 29 2024 06:25:32] IBV-UTILS WARN: Initializing IB resources. 
[Sep 29 2024 06:25:32] IBV-UTILS WARN: modify QP to INIT. 
[Sep 29 2024 06:25:32] IBV-UTILS WARN: modify QP to RTR. 
[Sep 29 2024 06:25:32] IBV-UTILS WARN: modify QP to RTS. 
[Sep 29 2024 06:25:32] IBV-UTILS WARN: Registering memory. 
[Sep 29 2024 06:25:32] IBV-UTILS WARN: Getting IB devices list. 
[Sep 29 2024 06:25:32] IBV-UTILS WARN: Creating IB resources. 
[Sep 29 2024 06:25:32] IBV-UTILS WARN: Initializing IB structure. 
[Sep 29 2024 06:25:32] IBV-UTILS WARN: Creating pd. 
[Sep 29 2024 06:25:32] IBV-UTILS WARN: Creating cq. 
[Sep 29 2024 06:25:32] IBV-UTILS WARN: Creating qp. 
[Sep 29 2024 06:25:32] IBV-UTILS WARN: Initializing IB resources. 
[Sep 29 2024 06:25:32] IBV-UTILS WARN: modify QP to INIT. 
[Sep 29 2024 06:25:32] IBV-UTILS WARN: modify QP to RTR. 
[Sep 29 2024 06:25:32] IBV-UTILS WARN: modify QP to RTS. 
[Sep 29 2024 06:25:32] IBV-UTILS WARN: Registering memory. 
[Sep 29 2024 06:25:32] IBV-UTILS WARN: Getting IB devices list. 
[Sep 29 2024 06:25:32] IBV-UTILS WARN: Creating IB resources. 
[Sep 29 2024 06:25:32] IBV-UTILS WARN: Initializing IB structure. 
[Sep 29 2024 06:25:32] IBV-UTILS WARN: Creating pd. 
[Sep 29 2024 06:25:32] IBV-UTILS WARN: Creating cq. 
[Sep 29 2024 06:25:32] IBV-UTILS WARN: Creating qp. 
[Sep 29 2024 06:25:32] IBV-UTILS WARN: Initializing IB resources. 
[Sep 29 2024 06:25:32] IBV-UTILS WARN: modify QP to INIT. 
[Sep 29 2024 06:25:32] IBV-UTILS WARN: modify QP to RTR. 
[Sep 29 2024 06:25:32] IBV-UTILS WARN: modify QP to RTS. 
[Sep 29 2024 06:25:32] IBV-UTILS WARN: Registering memory. 
[Sep 29 2024 06:25:32] IBV-UTILS WARN: Getting IB devices list. 
[Sep 29 2024 06:25:32] IBV-UTILS WARN: Creating IB resources. 
[Sep 29 2024 06:25:32] IBV-UTILS WARN: Initializing IB structure. 
[Sep 29 2024 06:25:32] IBV-UTILS WARN: Creating pd. 
[Sep 29 2024 06:25:32] IBV-UTILS WARN: Creating cq. 
[Sep 29 2024 06:25:32] IBV-UTILS WARN: Creating qp. 
[Sep 29 2024 06:25:32] IBV-UTILS WARN: Initializing IB resources. 
[Sep 29 2024 06:25:32] IBV-UTILS WARN: modify QP to INIT. 
[Sep 29 2024 06:25:32] IBV-UTILS WARN: modify QP to RTR. 
[Sep 29 2024 06:25:32] IBV-UTILS WARN: modify QP to RTS. 
[Sep 29 2024 06:25:32] IBV-UTILS WARN: Registering memory. 
[Sep 29 2024 06:25:32] IBV-UTILS WARN: Getting IB devices list. 
[Sep 29 2024 06:25:32] IBV-UTILS WARN: Creating IB resources. 
[Sep 29 2024 06:25:32] IBV-UTILS WARN: Initializing IB structure. 
[Sep 29 2024 06:25:32] IBV-UTILS WARN: Creating pd. 
[Sep 29 2024 06:25:32] IBV-UTILS WARN: Creating cq. 
[Sep 29 2024 06:25:32] IBV-UTILS WARN: Creating qp. 
[Sep 29 2024 06:25:32] IBV-UTILS WARN: Initializing IB resources. 
[Sep 29 2024 06:25:32] IBV-UTILS WARN: modify QP to INIT. 
[Sep 29 2024 06:25:32] IBV-UTILS WARN: modify QP to RTR. 
[Sep 29 2024 06:25:32] IBV-UTILS WARN: modify QP to RTS. 
[Sep 29 2024 06:25:32] IBV-UTILS WARN: Registering memory. 
[Sep 29 2024 06:25:32] IBV-UTILS WARN: Getting IB devices list. 
[Sep 29 2024 06:25:32] IBV-UTILS WARN: Creating IB resources. 
[Sep 29 2024 06:25:32] IBV-UTILS WARN: Initializing IB structure. 
[Sep 29 2024 06:25:32] IBV-UTILS WARN: Creating pd. 
[Sep 29 2024 06:25:32] IBV-UTILS WARN: Creating cq. 
[Sep 29 2024 06:25:32] IBV-UTILS WARN: Creating qp. 
[Sep 29 2024 06:25:32] IBV-UTILS WARN: Initializing IB resources. 
[Sep 29 2024 06:25:32] IBV-UTILS WARN: modify QP to INIT. 
[Sep 29 2024 06:25:32] IBV-UTILS WARN: modify QP to RTR. 
[Sep 29 2024 06:25:32] IBV-UTILS WARN: modify QP to RTS. 
[Sep 29 2024 06:25:32] IBV-UTILS WARN: Registering memory. 
[Sep 29 2024 06:25:32] IBV-UTILS WARN: Getting IB devices list. 
[Sep 29 2024 06:25:32] IBV-UTILS WARN: Creating IB resources. 
[Sep 29 2024 06:25:32] IBV-UTILS WARN: Initializing IB structure. 
[Sep 29 2024 06:25:32] IBV-UTILS WARN: Creating pd. 
[Sep 29 2024 06:25:32] IBV-UTILS WARN: Creating cq. 
[Sep 29 2024 06:25:32] IBV-UTILS WARN: Creating qp. 
[Sep 29 2024 06:25:32] IBV-UTILS WARN: Initializing IB resources. 
[Sep 29 2024 06:25:32] IBV-UTILS WARN: modify QP to INIT. 
[Sep 29 2024 06:25:32] IBV-UTILS WARN: modify QP to RTR. 
[Sep 29 2024 06:25:32] IBV-UTILS WARN: modify QP to RTS. 
[Sep 29 2024 06:25:32] IBV-UTILS WARN: Registering memory. 
[Sep 29 2024 06:25:32] IBV-UTILS WARN: Getting IB devices list. 
[Sep 29 2024 06:25:32] IBV-UTILS WARN: Creating IB resources. 
[Sep 29 2024 06:25:32] IBV-UTILS WARN: Initializing IB structure. 
[Sep 29 2024 06:25:32] IBV-UTILS WARN: Creating pd. 
[Sep 29 2024 06:25:32] IBV-UTILS WARN: Creating cq. 
[Sep 29 2024 06:25:32] IBV-UTILS WARN: Creating qp. 
[Sep 29 2024 06:25:32] IBV-UTILS WARN: Initializing IB resources. 
[Sep 29 2024 06:25:32] IBV-UTILS WARN: modify QP to INIT. 
[Sep 29 2024 06:25:32] IBV-UTILS WARN: modify QP to RTR. 
[Sep 29 2024 06:25:32] IBV-UTILS WARN: modify QP to RTS. 
[Sep 29 2024 06:25:32] IBV-UTILS WARN: Registering memory. 
[Sep 29 2024 06:25:32] IBV-UTILS WARN: Getting IB devices list. 
[Sep 29 2024 06:25:32] IBV-UTILS WARN: Creating IB resources. 
[Sep 29 2024 06:25:32] IBV-UTILS WARN: Initializing IB structure. 
[Sep 29 2024 06:25:32] IBV-UTILS WARN: Creating pd. 
[Sep 29 2024 06:25:32] IBV-UTILS WARN: Creating cq. 
[Sep 29 2024 06:25:32] IBV-UTILS WARN: Creating qp. 
[Sep 29 2024 06:25:32] IBV-UTILS WARN: Initializing IB resources. 
[Sep 29 2024 06:25:32] IBV-UTILS WARN: modify QP to INIT. 
[Sep 29 2024 06:25:32] IBV-UTILS WARN: modify QP to RTR. 
[Sep 29 2024 06:25:32] IBV-UTILS WARN: modify QP to RTS. 
[Sep 29 2024 06:25:32] IBV-UTILS WARN: Registering memory. 
[Sep 29 2024 06:25:32] IBV-UTILS WARN: Getting IB devices list. 
[Sep 29 2024 06:25:32] IBV-UTILS WARN: Creating IB resources. 
[Sep 29 2024 06:25:32] IBV-UTILS WARN: Initializing IB structure. 
[Sep 29 2024 06:25:32] IBV-UTILS WARN: Creating pd. 
[Sep 29 2024 06:25:32] IBV-UTILS WARN: Creating cq. 
[Sep 29 2024 06:25:32] IBV-UTILS WARN: Creating qp. 
[Sep 29 2024 06:25:32] IBV-UTILS WARN: Initializing IB resources. 
[Sep 29 2024 06:25:32] IBV-UTILS WARN: modify QP to INIT. 
[Sep 29 2024 06:25:32] IBV-UTILS WARN: modify QP to RTR. 
[Sep 29 2024 06:25:32] IBV-UTILS WARN: modify QP to RTS. 
[Sep 29 2024 06:25:32] IBV-UTILS WARN: Registering memory. 
[Sep 29 2024 06:25:32] IBV-UTILS WARN: Getting IB devices list. 
[Sep 29 2024 06:25:32] IBV-UTILS WARN: Creating IB resources. 
[Sep 29 2024 06:25:32] IBV-UTILS WARN: Initializing IB structure. 
[Sep 29 2024 06:25:32] IBV-UTILS WARN: Creating pd. 
[Sep 29 2024 06:25:32] IBV-UTILS WARN: Creating cq. 
[Sep 29 2024 06:25:32] IBV-UTILS WARN: Creating qp. 
[Sep 29 2024 06:25:32] IBV-UTILS WARN: Initializing IB resources. 
[Sep 29 2024 06:25:32] IBV-UTILS WARN: modify QP to INIT. 
[Sep 29 2024 06:25:32] IBV-UTILS WARN: modify QP to RTR. 
[Sep 29 2024 06:25:32] IBV-UTILS WARN: modify QP to RTS. 
[Sep 29 2024 06:25:32] IBV-UTILS WARN: Registering memory. 
[Oct 19 2024 06:23:54] IBV-UTILS WARN: Getting IB devices list. 
[Oct 19 2024 06:23:54] IBV-UTILS WARN: Creating IB resources. 
[Oct 19 2024 06:23:54] IBV-UTILS WARN: Initializing IB structure. 
[Oct 19 2024 06:23:54] IBV-UTILS WARN: Creating pd. 
[Oct 19 2024 06:23:54] IBV-UTILS WARN: Creating cq. 
[Oct 19 2024 06:23:54] IBV-UTILS WARN: Creating qp. 
[Oct 19 2024 06:23:54] IBV-UTILS WARN: Initializing IB resources. 
[Oct 19 2024 06:23:54] IBV-UTILS WARN: modify QP to INIT. 
[Oct 19 2024 06:23:54] IBV-UTILS WARN: modify QP to RTR. 
[Oct 19 2024 06:23:54] IBV-UTILS WARN: modify QP to RTS. 
[Oct 19 2024 06:23:54] IBV-UTILS WARN: Registering memory. 
[Oct 19 2024 06:23:54] IBV-UTILS WARN: Getting IB devices list. 
[Oct 19 2024 06:23:54] IBV-UTILS WARN: Creating IB resources. 
[Oct 19 2024 06:23:54] IBV-UTILS WARN: Initializing IB structure. 
[Oct 19 2024 06:23:54] IBV-UTILS WARN: Creating pd. 
[Oct 19 2024 06:23:54] IBV-UTILS WARN: Creating cq. 
[Oct 19 2024 06:23:54] IBV-UTILS WARN: Creating qp. 
[Oct 19 2024 06:23:54] IBV-UTILS WARN: Initializing IB resources. 
[Oct 19 2024 06:23:54] IBV-UTILS WARN: modify QP to INIT. 
[Oct 19 2024 06:23:54] IBV-UTILS WARN: modify QP to RTR. 
[Oct 19 2024 06:23:54] IBV-UTILS WARN: modify QP to RTS. 
[Oct 19 2024 06:23:54] IBV-UTILS WARN: Registering memory. 
[Oct 19 2024 06:27:23] IBV-UTILS WARN: Getting IB devices list. 
[Oct 19 2024 06:27:23] IBV-UTILS WARN: Creating IB resources. 
[Oct 19 2024 06:27:23] IBV-UTILS WARN: Initializing IB structure. 
[Oct 19 2024 06:27:23] IBV-UTILS WARN: Creating pd. 
[Oct 19 2024 06:27:23] IBV-UTILS WARN: Creating cq. 
[Oct 19 2024 06:27:23] IBV-UTILS WARN: Creating qp. 
[Oct 19 2024 06:27:23] IBV-UTILS WARN: Initializing IB resources. 
[Oct 19 2024 06:27:23] IBV-UTILS WARN: modify QP to INIT. 
[Oct 19 2024 06:27:23] IBV-UTILS WARN: modify QP to RTR. 
[Oct 19 2024 06:27:23] IBV-UTILS WARN: modify QP to RTS. 
[Oct 19 2024 06:27:23] IBV-UTILS WARN: Registering memory. 
[Oct 19 2024 06:27:23] IBV-UTILS WARN: Getting IB devices list. 
[Oct 19 2024 06:27:23] IBV-UTILS WARN: Creating IB resources. 
[Oct 19 2024 06:27:23] IBV-UTILS WARN: Initializing IB structure. 
[Oct 19 2024 06:27:23] IBV-UTILS WARN: Creating pd. 
[Oct 19 2024 06:27:23] IBV-UTILS WARN: Creating cq. 
[Oct 19 2024 06:27:23] IBV-UTILS WARN: Creating qp. 
[Oct 19 2024 06:27:23] IBV-UTILS WARN: Initializing IB resources. 
[Oct 19 2024 06:27:23] IBV-UTILS WARN: modify QP to INIT. 
[Oct 19 2024 06:27:23] IBV-UTILS WARN: modify QP to RTR. 
[Oct 19 2024 06:27:23] IBV-UTILS WARN: modify QP to RTS. 
[Oct 19 2024 06:27:23] IBV-UTILS WARN: Registering memory. 
[Oct 19 2024 06:27:23] IBV-UTILS WARN: Getting IB devices list. 
[Oct 19 2024 06:27:23] IBV-UTILS WARN: Creating IB resources. 
[Oct 19 2024 06:27:23] IBV-UTILS WARN: Initializing IB structure. 
[Oct 19 2024 06:27:23] IBV-UTILS WARN: Creating pd. 
[Oct 19 2024 06:27:23] IBV-UTILS WARN: Creating cq. 
[Oct 19 2024 06:27:23] IBV-UTILS WARN: Creating qp. 
[Oct 19 2024 06:27:23] IBV-UTILS WARN: Initializing IB resources. 
[Oct 19 2024 06:27:23] IBV-UTILS WARN: modify QP to INIT. 
[Oct 19 2024 06:27:23] IBV-UTILS WARN: modify QP to RTR. 
[Oct 19 2024 06:27:23] IBV-UTILS WARN: modify QP to RTS. 
[Oct 19 2024 06:27:23] IBV-UTILS WARN: Registering memory. 
[Oct 19 2024 06:27:23] IBV-UTILS WARN: Getting IB devices list. 
[Oct 19 2024 06:27:23] IBV-UTILS WARN: Creating IB resources. 
[Oct 19 2024 06:27:23] IBV-UTILS WARN: Initializing IB structure. 
[Oct 19 2024 06:27:23] IBV-UTILS WARN: Creating pd. 
[Oct 19 2024 06:27:23] IBV-UTILS WARN: Creating cq. 
[Oct 19 2024 06:27:23] IBV-UTILS WARN: Creating qp. 
[Oct 19 2024 06:27:23] IBV-UTILS WARN: Initializing IB resources. 
[Oct 19 2024 06:27:23] IBV-UTILS WARN: modify QP to INIT. 
[Oct 19 2024 06:27:23] IBV-UTILS WARN: modify QP to RTR. 
[Oct 19 2024 06:27:23] IBV-UTILS WARN: modify QP to RTS. 
[Oct 19 2024 06:27:23] IBV-UTILS WARN: Registering memory. 
[Oct 19 2024 06:27:23] IBV-UTILS WARN: Getting IB devices list. 
[Oct 19 2024 06:27:23] IBV-UTILS WARN: Creating IB resources. 
[Oct 19 2024 06:27:23] IBV-UTILS WARN: Initializing IB structure. 
[Oct 19 2024 06:27:23] IBV-UTILS WARN: Creating pd. 
[Oct 19 2024 06:27:23] IBV-UTILS WARN: Creating cq. 
[Oct 19 2024 06:27:23] IBV-UTILS WARN: Creating qp. 
[Oct 19 2024 06:27:23] IBV-UTILS WARN: Initializing IB resources. 
[Oct 19 2024 06:27:23] IBV-UTILS WARN: modify QP to INIT. 
[Oct 19 2024 06:27:23] IBV-UTILS WARN: modify QP to RTR. 
[Oct 19 2024 06:27:23] IBV-UTILS WARN: modify QP to RTS. 
[Oct 19 2024 06:27:23] IBV-UTILS WARN: Registering memory. 
[Oct 19 2024 06:27:23] IBV-UTILS WARN: Getting IB devices list. 
[Oct 19 2024 06:27:23] IBV-UTILS WARN: Creating IB resources. 
[Oct 19 2024 06:27:23] IBV-UTILS WARN: Initializing IB structure. 
[Oct 19 2024 06:27:23] IBV-UTILS WARN: Creating pd. 
[Oct 19 2024 06:27:23] IBV-UTILS WARN: Creating cq. 
[Oct 19 2024 06:27:23] IBV-UTILS WARN: Creating qp. 
[Oct 19 2024 06:27:23] IBV-UTILS WARN: Initializing IB resources. 
[Oct 19 2024 06:27:23] IBV-UTILS WARN: modify QP to INIT. 
[Oct 19 2024 06:27:23] IBV-UTILS WARN: modify QP to RTR. 
[Oct 19 2024 06:27:23] IBV-UTILS WARN: modify QP to RTS. 
[Oct 19 2024 06:27:23] IBV-UTILS WARN: Registering memory. 
